{
"/Users/ag/demo/cadsr-cdecurate/test/js/helpers/mock-gf32723.js":{"path":"/Users/ag/demo/cadsr-cdecurate/test/js/helpers/mock-gf32723.js","s":{"1":1,"2":1,"3":0,"4":0,"5":0,"6":0,"7":0},"b":{"1":[1,0],"2":[0,0],"3":[0,0]},"f":{"1":0,"2":0,"3":0},"fnMap":{"1":{"name":"(anonymous_1)","line":10,"loc":{"start":{"line":10,"column":30},"end":{"line":10,"column":47}}},"2":{"name":"(anonymous_2)","line":18,"loc":{"start":{"line":18,"column":49},"end":{"line":18,"column":85}}},"3":{"name":"(anonymous_3)","line":19,"loc":{"start":{"line":19,"column":38},"end":{"line":19,"column":56}}}},"statementMap":{"1":{"start":{"line":8,"column":0},"end":{"line":26,"column":1}},"2":{"start":{"line":10,"column":4},"end":{"line":13,"column":6}},"3":{"start":{"line":12,"column":8},"end":{"line":12,"column":41}},"4":{"start":{"line":15,"column":0},"end":{"line":26,"column":1}},"5":{"start":{"line":17,"column":4},"end":{"line":25,"column":5}},"6":{"start":{"line":18,"column":8},"end":{"line":24,"column":11}},"7":{"start":{"line":19,"column":12},"end":{"line":23,"column":14}}},"branchMap":{"1":{"line":8,"type":"if","locations":[{"start":{"line":8,"column":0},"end":{"line":8,"column":0}},{"start":{"line":8,"column":0},"end":{"line":8,"column":0}}]},"2":{"line":15,"type":"if","locations":[{"start":{"line":15,"column":0},"end":{"line":15,"column":0}},{"start":{"line":15,"column":0},"end":{"line":15,"column":0}}]},"3":{"line":17,"type":"if","locations":[{"start":{"line":17,"column":4},"end":{"line":17,"column":4}},{"start":{"line":17,"column":4},"end":{"line":17,"column":4}}]}},"l":{"8":1,"10":1,"12":0,"15":0,"17":0,"18":0,"19":0}}}
