{
"C:\\Users\\ag\\demo\\cadsr-cdecurate\\test\\js\\helpers\\mock-gf32723.js":{"path":"C:\\Users\\ag\\demo\\cadsr-cdecurate\\test\\js\\helpers\\mock-gf32723.js","s":{"1":1,"2":1,"3":1,"4":0,"5":0,"6":0,"7":0,"8":0,"9":0,"10":0,"11":0,"12":0,"13":1,"14":1,"15":0,"16":1,"17":0,"18":0,"19":0,"20":0,"21":0,"22":0,"23":0,"24":1,"25":0,"26":0,"27":0,"28":0,"29":0,"30":0,"31":0,"32":0,"33":0,"34":1},"b":{"1":[0,1],"2":[1,0],"3":[0,0],"4":[0,0]},"f":{"1":1,"2":0,"3":0,"4":0,"5":0,"6":0,"7":0,"8":0},"fnMap":{"1":{"name":"(anonymous_1)","line":5,"loc":{"start":{"line":5,"column":1},"end":{"line":5,"column":12}}},"2":{"name":"(anonymous_2)","line":26,"loc":{"start":{"line":26,"column":28},"end":{"line":26,"column":40}}},"3":{"name":"(anonymous_3)","line":30,"loc":{"start":{"line":30,"column":29},"end":{"line":30,"column":55}}},"4":{"name":"(anonymous_4)","line":38,"loc":{"start":{"line":38,"column":8},"end":{"line":38,"column":44}}},"5":{"name":"(anonymous_5)","line":40,"loc":{"start":{"line":40,"column":36},"end":{"line":40,"column":48}}},"6":{"name":"(anonymous_6)","line":44,"loc":{"start":{"line":44,"column":37},"end":{"line":44,"column":63}}},"7":{"name":"doVocabChange","line":51,"loc":{"start":{"line":51,"column":0},"end":{"line":51,"column":25}}},"8":{"name":"SubmitValidate","line":68,"loc":{"start":{"line":68,"column":0},"end":{"line":68,"column":26}}}},"statementMap":{"1":{"start":{"line":3,"column":0},"end":{"line":3,"column":11}},"2":{"start":{"line":5,"column":0},"end":{"line":18,"column":5}},"3":{"start":{"line":6,"column":4},"end":{"line":17,"column":5}},"4":{"start":{"line":7,"column":8},"end":{"line":7,"column":38}},"5":{"start":{"line":8,"column":8},"end":{"line":8,"column":61}},"6":{"start":{"line":10,"column":8},"end":{"line":10,"column":64}},"7":{"start":{"line":11,"column":8},"end":{"line":11,"column":69}},"8":{"start":{"line":12,"column":8},"end":{"line":12,"column":20}},"9":{"start":{"line":13,"column":8},"end":{"line":13,"column":35}},"10":{"start":{"line":14,"column":8},"end":{"line":14,"column":33}},"11":{"start":{"line":15,"column":8},"end":{"line":15,"column":51}},"12":{"start":{"line":16,"column":8},"end":{"line":16,"column":57}},"13":{"start":{"line":23,"column":0},"end":{"line":49,"column":1}},"14":{"start":{"line":26,"column":4},"end":{"line":28,"column":6}},"15":{"start":{"line":27,"column":8},"end":{"line":27,"column":31}},"16":{"start":{"line":30,"column":4},"end":{"line":32,"column":6}},"17":{"start":{"line":31,"column":8},"end":{"line":31,"column":39}},"18":{"start":{"line":34,"column":0},"end":{"line":49,"column":1}},"19":{"start":{"line":36,"column":4},"end":{"line":49,"column":0}},"20":{"start":{"line":40,"column":12},"end":{"line":42,"column":14}},"21":{"start":{"line":41,"column":16},"end":{"line":41,"column":39}},"22":{"start":{"line":44,"column":12},"end":{"line":46,"column":14}},"23":{"start":{"line":45,"column":16},"end":{"line":45,"column":47}},"24":{"start":{"line":51,"column":0},"end":{"line":66,"column":1}},"25":{"start":{"line":52,"column":4},"end":{"line":52,"column":18}},"26":{"start":{"line":54,"column":4},"end":{"line":63,"column":5}},"27":{"start":{"line":55,"column":8},"end":{"line":62,"column":9}},"28":{"start":{"line":56,"column":12},"end":{"line":56,"column":84}},"29":{"start":{"line":57,"column":12},"end":{"line":57,"column":123}},"30":{"start":{"line":58,"column":12},"end":{"line":58,"column":90}},"31":{"start":{"line":59,"column":12},"end":{"line":59,"column":44}},"32":{"start":{"line":61,"column":12},"end":{"line":61,"column":71}},"33":{"start":{"line":65,"column":4},"end":{"line":65,"column":16}},"34":{"start":{"line":68,"column":0},"end":{"line":70,"column":1}}},"branchMap":{"1":{"line":6,"type":"if","locations":[{"start":{"line":6,"column":4},"end":{"line":6,"column":4}},{"start":{"line":6,"column":4},"end":{"line":6,"column":4}}]},"2":{"line":23,"type":"if","locations":[{"start":{"line":23,"column":0},"end":{"line":23,"column":0}},{"start":{"line":23,"column":0},"end":{"line":23,"column":0}}]},"3":{"line":34,"type":"if","locations":[{"start":{"line":34,"column":0},"end":{"line":34,"column":0}},{"start":{"line":34,"column":0},"end":{"line":34,"column":0}}]},"4":{"line":54,"type":"if","locations":[{"start":{"line":54,"column":4},"end":{"line":54,"column":4}},{"start":{"line":54,"column":4},"end":{"line":54,"column":4}}]}},"l":{"3":1,"5":1,"6":1,"7":0,"8":0,"10":0,"11":0,"12":0,"13":0,"14":0,"15":0,"16":0,"23":1,"26":1,"27":0,"30":1,"31":0,"34":0,"36":0,"40":0,"41":0,"44":0,"45":0,"51":1,"52":0,"54":0,"55":0,"56":0,"57":0,"58":0,"59":0,"61":0,"65":0,"68":1}}}
