TN:
SF:C:\Users\ag\demo\cadsr-cdecurate\test\js\helpers\mock-gf32723.js
FN:5,(anonymous_1)
FN:26,(anonymous_2)
FN:30,(anonymous_3)
FN:38,(anonymous_4)
FN:40,(anonymous_5)
FN:44,(anonymous_6)
FN:51,doVocabChange
FN:68,SubmitValidate
FNF:8
FNH:1
FNDA:1,(anonymous_1)
FNDA:0,(anonymous_2)
FNDA:0,(anonymous_3)
FNDA:0,(anonymous_4)
FNDA:0,(anonymous_5)
FNDA:0,(anonymous_6)
FNDA:0,doVocabChange
FNDA:0,SubmitValidate
DA:3,1
DA:5,1
DA:6,1
DA:7,0
DA:8,0
DA:10,0
DA:11,0
DA:12,0
DA:13,0
DA:14,0
DA:15,0
DA:16,0
DA:23,1
DA:26,1
DA:27,0
DA:30,1
DA:31,0
DA:34,0
DA:36,0
DA:40,0
DA:41,0
DA:44,0
DA:45,0
DA:51,1
DA:52,0
DA:54,0
DA:55,0
DA:56,0
DA:57,0
DA:58,0
DA:59,0
DA:61,0
DA:65,0
DA:68,1
LF:34
LH:8
BRDA:6,1,0,0
BRDA:6,1,1,1
BRDA:23,2,0,1
BRDA:23,2,1,0
BRDA:34,3,0,0
BRDA:34,3,1,0
BRDA:54,4,0,0
BRDA:54,4,1,0
BRF:8
BRH:2
end_of_record
